<?xml version="1.0" encoding="UTF-8"?>
<testsuite xmlns:xsi="http://www.w3.org/2001/XMLSchema-instance" xsi:noNamespaceSchemaLocation="https://maven.apache.org/surefire/maven-surefire-plugin/xsd/surefire-test-report-3.0.xsd" version="3.0" name="com.cst323.NASAApiTest" time="1.122" tests="1" errors="0" skipped="0" failures="0">
  <properties>
[...]
</properties>
  <testcase name="apiTest" classname="com.cst323.NASAApiTest" time="1.121">
    <system-out><![CDATA[MarsRoverApiResponse [photos=[MarsPhoto [id=2096, sol=2, camera=com.cst323.response.MarsCamera@347f0950, imgSrc=http://mars.jpl.nasa.gov/msl-raw-images/proj/msl/redops/ods/surface/sol/00002/opgs/edr/ncam/NLA_397671934EDR_F0010008AUT_04096M_.JPG, earthDate=2012-08-08], MarsPhoto [id=2673, sol=2, camera=com.cst323.response.MarsCamera@3c20abd6, imgSrc=http://mars.jpl.nasa.gov/msl-raw-images/proj/msl/redops/ods/surface/sol/00002/opgs/edr/ncam/NRA_397681339EDR_F0020000AUT_04096M_.JPG, earthDate=2012-08-08], MarsPhoto [id=32407, sol=2, camera=com.cst323.response.MarsCamera@7cd2d3b6, imgSrc=http://mars.jpl.nasa.gov/msl-raw-images/proj/msl/redops/ods/surface/sol/00002/opgs/edr/ncam/NLA_397682534EDR_F0020000AUT_04096M_.JPG, earthDate=2012-08-08], MarsPhoto [id=32408, sol=2, camera=com.cst323.response.MarsCamera@7f922523, imgSrc=http://mars.jpl.nasa.gov/msl-raw-images/proj/msl/redops/ods/surface/sol/00002/opgs/edr/ncam/NLA_397682493EDR_F0020000AUT_04096M_.JPG, earthDate=2012-08-08], MarsPhoto [id=32409, sol=2, camera=com.cst323.response.MarsCamera@1509bd56, imgSrc=http://mars.jpl.nasa.gov/msl-raw-images/proj/msl/redops/ods/surface/sol/00002/opgs/edr/ncam/NLA_397682462EDR_F0020000AUT_04096M_.JPG, earthDate=2012-08-08], MarsPhoto [id=32410, sol=2, camera=com.cst323.response.MarsCamera@2c4eda3a, imgSrc=http://mars.jpl.nasa.gov/msl-raw-images/proj/msl/redops/ods/surface/sol/00002/opgs/edr/ncam/NLA_397682428EDR_F0020000AUT_04096M_.JPG, earthDate=2012-08-08], MarsPhoto [id=32411, sol=2, camera=com.cst323.response.MarsCamera@466bf366, imgSrc=http://mars.jpl.nasa.gov/msl-raw-images/proj/msl/redops/ods/surface/sol/00002/opgs/edr/ncam/NLA_397682394EDR_F0020000AUT_04096M_.JPG, earthDate=2012-08-08], MarsPhoto [id=32412, sol=2, camera=com.cst323.response.MarsCamera@28be7db5, imgSrc=http://mars.jpl.nasa.gov/msl-raw-images/proj/msl/redops/ods/surface/sol/00002/opgs/edr/ncam/NLA_397682347EDR_F0020000AUT_04096M_.JPG, earthDate=2012-08-08], MarsPhoto [id=32413, sol=2, camera=com.cst323.response.MarsCamera@700596f9, imgSrc=http://mars.jpl.nasa.gov/msl-raw-images/proj/msl/redops/ods/surface/sol/00002/opgs/edr/ncam/NLA_397682316EDR_F0020000AUT_04096M_.JPG, earthDate=2012-08-08], MarsPhoto [id=32414, sol=2, camera=com.cst323.response.MarsCamera@2ac00dc9, imgSrc=http://mars.jpl.nasa.gov/msl-raw-images/proj/msl/redops/ods/surface/sol/00002/opgs/edr/ncam/NLA_397682285EDR_F0020000AUT_04096M_.JPG, earthDate=2012-08-08], MarsPhoto [id=32415, sol=2, camera=com.cst323.response.MarsCamera@33293b34, imgSrc=http://mars.jpl.nasa.gov/msl-raw-images/proj/msl/redops/ods/surface/sol/00002/opgs/edr/ncam/NLA_397682254EDR_F0020000AUT_04096M_.JPG, earthDate=2012-08-08], MarsPhoto [id=32416, sol=2, camera=com.cst323.response.MarsCamera@68a1bb31, imgSrc=http://mars.jpl.nasa.gov/msl-raw-images/proj/msl/redops/ods/surface/sol/00002/opgs/edr/ncam/NLA_397682223EDR_F0020000AUT_04096M_.JPG, earthDate=2012-08-08], MarsPhoto [id=32417, sol=2, camera=com.cst323.response.MarsCamera@344f4a82, imgSrc=http://mars.jpl.nasa.gov/msl-raw-images/proj/msl/redops/ods/surface/sol/00002/opgs/edr/ncam/NLA_397682189EDR_F0020000AUT_04096M_.JPG, earthDate=2012-08-08], MarsPhoto [id=32418, sol=2, camera=com.cst323.response.MarsCamera@1ecbb787, imgSrc=http://mars.jpl.nasa.gov/msl-raw-images/proj/msl/redops/ods/surface/sol/00002/opgs/edr/ncam/NLA_397682152EDR_F0020000AUT_04096M_.JPG, earthDate=2012-08-08], MarsPhoto [id=32419, sol=2, camera=com.cst323.response.MarsCamera@6441cff1, imgSrc=http://mars.jpl.nasa.gov/msl-raw-images/proj/msl/redops/ods/surface/sol/00002/opgs/edr/ncam/NLA_397682119EDR_F0020000AUT_04096M_.JPG, earthDate=2012-08-08], MarsPhoto [id=32420, sol=2, camera=com.cst323.response.MarsCamera@1dc987b, imgSrc=http://mars.jpl.nasa.gov/msl-raw-images/proj/msl/redops/ods/surface/sol/00002/opgs/edr/ncam/NLA_397682034EDR_F0020000AUT_04096M_.JPG, earthDate=2012-08-08], MarsPhoto [id=32421, sol=2, camera=com.cst323.response.MarsCamera@4f09d998, imgSrc=http://mars.jpl.nasa.gov/msl-raw-images/proj/msl/redops/ods/surface/sol/00002/opgs/edr/ncam/NLA_397681999EDR_F0020000AUT_04096M_.JPG, earthDate=2012-08-08], MarsPhoto [id=32422, sol=2, camera=com.cst323.response.MarsCamera@cbd3871, imgSrc=http://mars.jpl.nasa.gov/msl-raw-images/proj/msl/redops/ods/surface/sol/00002/opgs/edr/ncam/NLA_397681967EDR_F0020000AUT_04096M_.JPG, earthDate=2012-08-08], MarsPhoto [id=32423, sol=2, camera=com.cst323.response.MarsCamera@66694050, imgSrc=http://mars.jpl.nasa.gov/msl-raw-images/proj/msl/redops/ods/surface/sol/00002/opgs/edr/ncam/NLA_397681941EDR_F0020000AUT_04096M_.JPG, earthDate=2012-08-08], MarsPhoto [id=32424, sol=2, camera=com.cst323.response.MarsCamera@39303a6, imgSrc=http://mars.jpl.nasa.gov/msl-raw-images/proj/msl/redops/ods/surface/sol/00002/opgs/edr/ncam/NLA_397681917EDR_F0020000AUT_04096M_.JPG, earthDate=2012-08-08], MarsPhoto [id=32425, sol=2, camera=com.cst323.response.MarsCamera@2d7df55, imgSrc=http://mars.jpl.nasa.gov/msl-raw-images/proj/msl/redops/ods/surface/sol/00002/opgs/edr/ncam/NLA_397681893EDR_F0020000AUT_04096M_.JPG, earthDate=2012-08-08], MarsPhoto [id=32426, sol=2, camera=com.cst323.response.MarsCamera@674c01ce, imgSrc=http://mars.jpl.nasa.gov/msl-raw-images/proj/msl/redops/ods/surface/sol/00002/opgs/edr/ncam/NLA_397681867EDR_F0020000AUT_04096M_.JPG, earthDate=2012-08-08], MarsPhoto [id=32427, sol=2, camera=com.cst323.response.MarsCamera@4b8ba6b7, imgSrc=http://mars.jpl.nasa.gov/msl-raw-images/proj/msl/redops/ods/surface/sol/00002/opgs/edr/ncam/NLA_397681834EDR_F0020000AUT_04096M_.JPG, earthDate=2012-08-08], MarsPhoto [id=32428, sol=2, camera=com.cst323.response.MarsCamera@509e0253, imgSrc=http://mars.jpl.nasa.gov/msl-raw-images/proj/msl/redops/ods/surface/sol/00002/opgs/edr/ncam/NLA_397681801EDR_F0020000AUT_04096M_.JPG, earthDate=2012-08-08], MarsPhoto [id=32429, sol=2, camera=com.cst323.response.MarsCamera@6c8f5262, imgSrc=http://mars.jpl.nasa.gov/msl-raw-images/proj/msl/redops/ods/surface/sol/00002/opgs/edr/ncam/NLA_397681768EDR_F0020000AUT_04096M_.JPG, earthDate=2012-08-08], MarsPhoto [id=32430, sol=2, camera=com.cst323.response.MarsCamera@6bca6c4c, imgSrc=http://mars.jpl.nasa.gov/msl-raw-images/proj/msl/redops/ods/surface/sol/00002/opgs/edr/ncam/NLA_397681736EDR_F0020000AUT_04096M_.JPG, earthDate=2012-08-08], MarsPhoto [id=32431, sol=2, camera=com.cst323.response.MarsCamera@7de2c19c, imgSrc=http://mars.jpl.nasa.gov/msl-raw-images/proj/msl/redops/ods/surface/sol/00002/opgs/edr/ncam/NLA_397681703EDR_F0020000AUT_04096M_.JPG, earthDate=2012-08-08], MarsPhoto [id=32432, sol=2, camera=com.cst323.response.MarsCamera@5dcec8e9, imgSrc=http://mars.jpl.nasa.gov/msl-raw-images/proj/msl/redops/ods/surface/sol/00002/opgs/edr/ncam/NLA_397681619EDR_F0020000AUT_04096M_.JPG, earthDate=2012-08-08], MarsPhoto [id=32433, sol=2, camera=com.cst323.response.MarsCamera@4bc49d70, imgSrc=http://mars.jpl.nasa.gov/msl-raw-images/proj/msl/redops/ods/surface/sol/00002/opgs/edr/ncam/NLA_397681586EDR_F0020000AUT_04096M_.JPG, earthDate=2012-08-08], MarsPhoto [id=32434, sol=2, camera=com.cst323.response.MarsCamera@73543048, imgSrc=http://mars.jpl.nasa.gov/msl-raw-images/proj/msl/redops/ods/surface/sol/00002/opgs/edr/ncam/NLA_397681553EDR_F0020000AUT_04096M_.JPG, earthDate=2012-08-08], MarsPhoto [id=32435, sol=2, camera=com.cst323.response.MarsCamera@1851f19f, imgSrc=http://mars.jpl.nasa.gov/msl-raw-images/proj/msl/redops/ods/surface/sol/00002/opgs/edr/ncam/NLA_397681520EDR_F0020000AUT_04096M_.JPG, earthDate=2012-08-08], MarsPhoto [id=32436, sol=2, camera=com.cst323.response.MarsCamera@33f3ebfc, imgSrc=http://mars.jpl.nasa.gov/msl-raw-images/proj/msl/redops/ods/surface/sol/00002/opgs/edr/ncam/NLA_397681486EDR_F0020000AUT_04096M_.JPG, earthDate=2012-08-08], MarsPhoto [id=32437, sol=2, camera=com.cst323.response.MarsCamera@5cb3cfef, imgSrc=http://mars.jpl.nasa.gov/msl-raw-images/proj/msl/redops/ods/surface/sol/00002/opgs/edr/ncam/NLA_397681455EDR_F0020000AUT_04096M_.JPG, earthDate=2012-08-08], MarsPhoto [id=32438, sol=2, camera=com.cst323.response.MarsCamera@eb77241, imgSrc=http://mars.jpl.nasa.gov/msl-raw-images/proj/msl/redops/ods/surface/sol/00002/opgs/edr/ncam/NLA_397681429EDR_F0020000AUT_04096M_.JPG, earthDate=2012-08-08], MarsPhoto [id=32439, sol=2, camera=com.cst323.response.MarsCamera@197da701, imgSrc=http://mars.jpl.nasa.gov/msl-raw-images/proj/msl/redops/ods/surface/sol/00002/opgs/edr/ncam/NLA_397681398EDR_F0020000AUT_04096M_.JPG, earthDate=2012-08-08], MarsPhoto [id=32440, sol=2, camera=com.cst323.response.MarsCamera@35fd03d9, imgSrc=http://mars.jpl.nasa.gov/msl-raw-images/proj/msl/redops/ods/surface/sol/00002/opgs/edr/ncam/NLA_397681372EDR_F0020000AUT_04096M_.JPG, earthDate=2012-08-08], MarsPhoto [id=32441, sol=2, camera=com.cst323.response.MarsCamera@77737e3e, imgSrc=http://mars.jpl.nasa.gov/msl-raw-images/proj/msl/redops/ods/surface/sol/00002/opgs/edr/ncam/NLA_397681339EDR_F0020000AUT_04096M_.JPG, earthDate=2012-08-08], MarsPhoto [id=32442, sol=2, camera=com.cst323.response.MarsCamera@42e32feb, imgSrc=http://mars.jpl.nasa.gov/msl-raw-images/proj/msl/redops/ods/surface/sol/00002/opgs/edr/ncam/NLA_397673010EDR_F0010008AUT_04096M_.JPG, earthDate=2012-08-08], MarsPhoto [id=32443, sol=2, camera=com.cst323.response.MarsCamera@3652dd19, imgSrc=http://mars.jpl.nasa.gov/msl-raw-images/proj/msl/redops/ods/surface/sol/00002/opgs/edr/ncam/NLA_397672951EDR_F0010008AUT_04096M_.JPG, earthDate=2012-08-08], MarsPhoto [id=32444, sol=2, camera=com.cst323.response.MarsCamera@6b6cf3c1, imgSrc=http://mars.jpl.nasa.gov/msl-raw-images/proj/msl/redops/ods/surface/sol/00002/opgs/edr/ncam/NLA_397671964EDR_F0010008AUT_04096M_.JPG, earthDate=2012-08-08], MarsPhoto [id=49167, sol=2, camera=com.cst323.response.MarsCamera@702e21c, imgSrc=http://mars.jpl.nasa.gov/msl-raw-images/proj/msl/redops/ods/surface/sol/00002/opgs/edr/ncam/NRA_397682534EDR_F0020000AUT_04096M_.JPG, earthDate=2012-08-08], MarsPhoto [id=49168, sol=2, camera=com.cst323.response.MarsCamera@5c450960, imgSrc=http://mars.jpl.nasa.gov/msl-raw-images/proj/msl/redops/ods/surface/sol/00002/opgs/edr/ncam/NRA_397682493EDR_F0020000AUT_04096M_.JPG, earthDate=2012-08-08], MarsPhoto [id=49169, sol=2, camera=com.cst323.response.MarsCamera@7c5fbde4, imgSrc=http://mars.jpl.nasa.gov/msl-raw-images/proj/msl/redops/ods/surface/sol/00002/opgs/edr/ncam/NRA_397682462EDR_F0020000AUT_04096M_.JPG, earthDate=2012-08-08], MarsPhoto [id=49170, sol=2, camera=com.cst323.response.MarsCamera@7021bb55, imgSrc=http://mars.jpl.nasa.gov/msl-raw-images/proj/msl/redops/ods/surface/sol/00002/opgs/edr/ncam/NRA_397682428EDR_F0020000AUT_04096M_.JPG, earthDate=2012-08-08], MarsPhoto [id=49171, sol=2, camera=com.cst323.response.MarsCamera@6023b54f, imgSrc=http://mars.jpl.nasa.gov/msl-raw-images/proj/msl/redops/ods/surface/sol/00002/opgs/edr/ncam/NRA_397682394EDR_F0020000AUT_04096M_.JPG, earthDate=2012-08-08], MarsPhoto [id=49172, sol=2, camera=com.cst323.response.MarsCamera@14d9ae22, imgSrc=http://mars.jpl.nasa.gov/msl-raw-images/proj/msl/redops/ods/surface/sol/00002/opgs/edr/ncam/NRA_397682347EDR_F0020000AUT_04096M_.JPG, earthDate=2012-08-08], MarsPhoto [id=49173, sol=2, camera=com.cst323.response.MarsCamera@15e881c0, imgSrc=http://mars.jpl.nasa.gov/msl-raw-images/proj/msl/redops/ods/surface/sol/00002/opgs/edr/ncam/NRA_397682316EDR_F0020000AUT_04096M_.JPG, earthDate=2012-08-08], MarsPhoto [id=49174, sol=2, camera=com.cst323.response.MarsCamera@68ee7b3b, imgSrc=http://mars.jpl.nasa.gov/msl-raw-images/proj/msl/redops/ods/surface/sol/00002/opgs/edr/ncam/NRA_397682285EDR_F0020000AUT_04096M_.JPG, earthDate=2012-08-08], MarsPhoto [id=49175, sol=2, camera=com.cst323.response.MarsCamera@159a32a4, imgSrc=http://mars.jpl.nasa.gov/msl-raw-images/proj/msl/redops/ods/surface/sol/00002/opgs/edr/ncam/NRA_397682254EDR_F0020000AUT_04096M_.JPG, earthDate=2012-08-08], MarsPhoto [id=49176, sol=2, camera=com.cst323.response.MarsCamera@4ceb368b, imgSrc=http://mars.jpl.nasa.gov/msl-raw-images/proj/msl/redops/ods/surface/sol/00002/opgs/edr/ncam/NRA_397682223EDR_F0020000AUT_04096M_.JPG, earthDate=2012-08-08], MarsPhoto [id=49177, sol=2, camera=com.cst323.response.MarsCamera@1ddc5857, imgSrc=http://mars.jpl.nasa.gov/msl-raw-images/proj/msl/redops/ods/surface/sol/00002/opgs/edr/ncam/NRA_397682189EDR_F0020000AUT_04096M_.JPG, earthDate=2012-08-08], MarsPhoto [id=49178, sol=2, camera=com.cst323.response.MarsCamera@6f0df74, imgSrc=http://mars.jpl.nasa.gov/msl-raw-images/proj/msl/redops/ods/surface/sol/00002/opgs/edr/ncam/NRA_397682152EDR_F0020000AUT_04096M_.JPG, earthDate=2012-08-08], MarsPhoto [id=49179, sol=2, camera=com.cst323.response.MarsCamera@42bbd21c, imgSrc=http://mars.jpl.nasa.gov/msl-raw-images/proj/msl/redops/ods/surface/sol/00002/opgs/edr/ncam/NRA_397682119EDR_F0020000AUT_04096M_.JPG, earthDate=2012-08-08], MarsPhoto [id=49180, sol=2, camera=com.cst323.response.MarsCamera@57f1fbae, imgSrc=http://mars.jpl.nasa.gov/msl-raw-images/proj/msl/redops/ods/surface/sol/00002/opgs/edr/ncam/NRA_397682034EDR_F0020000AUT_04096M_.JPG, earthDate=2012-08-08], MarsPhoto [id=49181, sol=2, camera=com.cst323.response.MarsCamera@28901fe7, imgSrc=http://mars.jpl.nasa.gov/msl-raw-images/proj/msl/redops/ods/surface/sol/00002/opgs/edr/ncam/NRA_397681999EDR_F0020000AUT_04096M_.JPG, earthDate=2012-08-08], MarsPhoto [id=49182, sol=2, camera=com.cst323.response.MarsCamera@289b7efe, imgSrc=http://mars.jpl.nasa.gov/msl-raw-images/proj/msl/redops/ods/surface/sol/00002/opgs/edr/ncam/NRA_397681967EDR_F0020000AUT_04096M_.JPG, earthDate=2012-08-08], MarsPhoto [id=49183, sol=2, camera=com.cst323.response.MarsCamera@34ac72c3, imgSrc=http://mars.jpl.nasa.gov/msl-raw-images/proj/msl/redops/ods/surface/sol/00002/opgs/edr/ncam/NRA_397681941EDR_F0020000AUT_04096M_.JPG, earthDate=2012-08-08], MarsPhoto [id=49184, sol=2, camera=com.cst323.response.MarsCamera@6cd8c373, imgSrc=http://mars.jpl.nasa.gov/msl-raw-images/proj/msl/redops/ods/surface/sol/00002/opgs/edr/ncam/NRA_397681917EDR_F0020000AUT_04096M_.JPG, earthDate=2012-08-08], MarsPhoto [id=49185, sol=2, camera=com.cst323.response.MarsCamera@449f9628, imgSrc=http://mars.jpl.nasa.gov/msl-raw-images/proj/msl/redops/ods/surface/sol/00002/opgs/edr/ncam/NRA_397681893EDR_F0020000AUT_04096M_.JPG, earthDate=2012-08-08], MarsPhoto [id=49186, sol=2, camera=com.cst323.response.MarsCamera@37806ccb, imgSrc=http://mars.jpl.nasa.gov/msl-raw-images/proj/msl/redops/ods/surface/sol/00002/opgs/edr/ncam/NRA_397681867EDR_F0020000AUT_04096M_.JPG, earthDate=2012-08-08], MarsPhoto [id=49187, sol=2, camera=com.cst323.response.MarsCamera@606d2a92, imgSrc=http://mars.jpl.nasa.gov/msl-raw-images/proj/msl/redops/ods/surface/sol/00002/opgs/edr/ncam/NRA_397681834EDR_F0020000AUT_04096M_.JPG, earthDate=2012-08-08], MarsPhoto [id=49188, sol=2, camera=com.cst323.response.MarsCamera@4a84beb7, imgSrc=http://mars.jpl.nasa.gov/msl-raw-images/proj/msl/redops/ods/surface/sol/00002/opgs/edr/ncam/NRA_397681801EDR_F0020000AUT_04096M_.JPG, earthDate=2012-08-08], MarsPhoto [id=49189, sol=2, camera=com.cst323.response.MarsCamera@72924f19, imgSrc=http://mars.jpl.nasa.gov/msl-raw-images/proj/msl/redops/ods/surface/sol/00002/opgs/edr/ncam/NRA_397681768EDR_F0020000AUT_04096M_.JPG, earthDate=2012-08-08], MarsPhoto [id=49190, sol=2, camera=com.cst323.response.MarsCamera@46c093b4, imgSrc=http://mars.jpl.nasa.gov/msl-raw-images/proj/msl/redops/ods/surface/sol/00002/opgs/edr/ncam/NRA_397681736EDR_F0020000AUT_04096M_.JPG, earthDate=2012-08-08], MarsPhoto [id=49191, sol=2, camera=com.cst323.response.MarsCamera@4ff00844, imgSrc=http://mars.jpl.nasa.gov/msl-raw-images/proj/msl/redops/ods/surface/sol/00002/opgs/edr/ncam/NRA_397681703EDR_F0020000AUT_04096M_.JPG, earthDate=2012-08-08], MarsPhoto [id=49192, sol=2, camera=com.cst323.response.MarsCamera@20ee660b, imgSrc=http://mars.jpl.nasa.gov/msl-raw-images/proj/msl/redops/ods/surface/sol/00002/opgs/edr/ncam/NRA_397681619EDR_F0020000AUT_04096M_.JPG, earthDate=2012-08-08], MarsPhoto [id=49193, sol=2, camera=com.cst323.response.MarsCamera@40e41f88, imgSrc=http://mars.jpl.nasa.gov/msl-raw-images/proj/msl/redops/ods/surface/sol/00002/opgs/edr/ncam/NRA_397681586EDR_F0020000AUT_04096M_.JPG, earthDate=2012-08-08], MarsPhoto [id=49194, sol=2, camera=com.cst323.response.MarsCamera@27b7913, imgSrc=http://mars.jpl.nasa.gov/msl-raw-images/proj/msl/redops/ods/surface/sol/00002/opgs/edr/ncam/NRA_397681553EDR_F0020000AUT_04096M_.JPG, earthDate=2012-08-08], MarsPhoto [id=49195, sol=2, camera=com.cst323.response.MarsCamera@4d86f330, imgSrc=http://mars.jpl.nasa.gov/msl-raw-images/proj/msl/redops/ods/surface/sol/00002/opgs/edr/ncam/NRA_397681520EDR_F0020000AUT_04096M_.JPG, earthDate=2012-08-08], MarsPhoto [id=49196, sol=2, camera=com.cst323.response.MarsCamera@1e8b0ab5, imgSrc=http://mars.jpl.nasa.gov/msl-raw-images/proj/msl/redops/ods/surface/sol/00002/opgs/edr/ncam/NRA_397681486EDR_F0020000AUT_04096M_.JPG, earthDate=2012-08-08], MarsPhoto [id=49197, sol=2, camera=com.cst323.response.MarsCamera@7ef34eb3, imgSrc=http://mars.jpl.nasa.gov/msl-raw-images/proj/msl/redops/ods/surface/sol/00002/opgs/edr/ncam/NRA_397681455EDR_F0020000AUT_04096M_.JPG, earthDate=2012-08-08], MarsPhoto [id=49198, sol=2, camera=com.cst323.response.MarsCamera@2719139f, imgSrc=http://mars.jpl.nasa.gov/msl-raw-images/proj/msl/redops/ods/surface/sol/00002/opgs/edr/ncam/NRA_397681429EDR_F0020000AUT_04096M_.JPG, earthDate=2012-08-08], MarsPhoto [id=49199, sol=2, camera=com.cst323.response.MarsCamera@5dfc7b3f, imgSrc=http://mars.jpl.nasa.gov/msl-raw-images/proj/msl/redops/ods/surface/sol/00002/opgs/edr/ncam/NRA_397681398EDR_F0020000AUT_04096M_.JPG, earthDate=2012-08-08], MarsPhoto [id=49200, sol=2, camera=com.cst323.response.MarsCamera@1b641c97, imgSrc=http://mars.jpl.nasa.gov/msl-raw-images/proj/msl/redops/ods/surface/sol/00002/opgs/edr/ncam/NRA_397681372EDR_F0020000AUT_04096M_.JPG, earthDate=2012-08-08]]]
]]></system-out>
  </testcase>
</testsuite>